<?xml version='1.0' encoding='utf-8' standalone='yes' ?><testsuites><testsuite name="com.example.ttt.test.MainActivityTest"><testcase classname="com.example.ttt.test.MainActivityTest" name="testGameProcess" time="2.582" /><testcase classname="com.example.ttt.test.MainActivityTest" name="testshowBestOfThree" time="1.267" /><testcase classname="com.example.ttt.test.MainActivityTest" name="testshowCurrentPlayer" time="1.969" /><testcase classname="com.example.ttt.test.MainActivityTest" name="testshowWinNum" time="1.176" /></testsuite><testsuite name="com.example.ttt.test.TicTacToeTest"><testcase classname="com.example.ttt.test.TicTacToeTest" name="testTicTacToe" time="0.003" /><testcase classname="com.example.ttt.test.TicTacToeTest" name="testchangePlayer" time="0.001" /><testcase classname="com.example.ttt.test.TicTacToeTest" name="testcheckForWin" time="0.001" /><testcase classname="com.example.ttt.test.TicTacToeTest" name="testgetPlayer" time="0.001" /><testcase classname="com.example.ttt.test.TicTacToeTest" name="testisBoardFull" time="0.001" /></testsuite></testsuites>